<?xml version="1.0" encoding="UTF-8"?>
<!-- Generated by org.testng.reporters.JUnitXMLReporter -->
<testsuite hostname="DESKTOP-MUL5T3T" name="BankingApp Test" tests="4" failures="3" timestamp="4 Aug 2022 07:16:11 GMT" time="33.616" errors="0">
  <testcase name="loginDDT" time="4.298" classname="com.learntesting.testcases.TC_LoginDDT_002">
    <failure type="java.lang.AssertionError" message="expected [true] but found [false]">
      <![CDATA[java.lang.AssertionError: expected [true] but found [false]
	at com.learntesting.testcases.TC_LoginDDT_002.loginDDT(TC_LoginDDT_002.java:30)
... Removed 28 stack frames]]>
    </failure>
  </testcase> <!-- loginDDT -->
  <testcase name="loginDDT" time="5.033" classname="com.learntesting.testcases.TC_LoginDDT_002">
    <failure type="java.lang.AssertionError" message="expected [true] but found [false]">
      <![CDATA[java.lang.AssertionError: expected [true] but found [false]
	at com.learntesting.testcases.TC_LoginDDT_002.loginDDT(TC_LoginDDT_002.java:30)
... Removed 28 stack frames]]>
    </failure>
  </testcase> <!-- loginDDT -->
  <testcase name="loginDDT" time="9.97" classname="com.learntesting.testcases.TC_LoginDDT_002"/>
  <testcase name="loginDDT" time="4.83" classname="com.learntesting.testcases.TC_LoginDDT_002">
    <failure type="java.lang.AssertionError" message="expected [true] but found [false]">
      <![CDATA[java.lang.AssertionError: expected [true] but found [false]
	at com.learntesting.testcases.TC_LoginDDT_002.loginDDT(TC_LoginDDT_002.java:30)
... Removed 28 stack frames]]>
    </failure>
  </testcase> <!-- loginDDT -->
</testsuite> <!-- BankingApp Test -->
